<?xml version="1.0" encoding="UTF-8"?>
<!-- Generated by org.testng.reporters.JUnitReportReporter -->
<testsuite hostname="IQ2" failures="0" tests="3" name="Frameworkfiles.Readingexcelfiledata" time="89.254" errors="0" timestamp="03 Aug 2018 04:52:40 GMT" skipped="0">
  <testcase classname="Frameworkfiles.Readingexcelfiledata" name="Testscriptfile" time="77.422"/>
  <testcase classname="Frameworkfiles.Readingexcelfiledata" name="Readtestsuitefile" time="11.793"/>
  <testcase classname="Frameworkfiles.Readingexcelfiledata" name="Testplanfile" time="0.039"/>
</testsuite> <!-- Frameworkfiles.Readingexcelfiledata -->
